running egg_info
writing ../../build/system_engineering/system_engineering.egg-info/PKG-INFO
writing dependency_links to ../../build/system_engineering/system_engineering.egg-info/dependency_links.txt
writing entry points to ../../build/system_engineering/system_engineering.egg-info/entry_points.txt
writing requirements to ../../build/system_engineering/system_engineering.egg-info/requires.txt
writing top-level names to ../../build/system_engineering/system_engineering.egg-info/top_level.txt
reading manifest file '../../build/system_engineering/system_engineering.egg-info/SOURCES.txt'
writing manifest file '../../build/system_engineering/system_engineering.egg-info/SOURCES.txt'
running build
running build_py
copying system_engineering/command_publisher.py -> /home/teja/hyperhorizon_ws/build/system_engineering/build/lib/system_engineering
copying system_engineering/command_processor.py -> /home/teja/hyperhorizon_ws/build/system_engineering/build/lib/system_engineering
running install
running install_lib
copying /home/teja/hyperhorizon_ws/build/system_engineering/build/lib/system_engineering/command_publisher.py -> /home/teja/hyperhorizon_ws/install/system_engineering/lib/python3.10/site-packages/system_engineering
copying /home/teja/hyperhorizon_ws/build/system_engineering/build/lib/system_engineering/command_processor.py -> /home/teja/hyperhorizon_ws/install/system_engineering/lib/python3.10/site-packages/system_engineering
byte-compiling /home/teja/hyperhorizon_ws/install/system_engineering/lib/python3.10/site-packages/system_engineering/command_publisher.py to command_publisher.cpython-310.pyc
byte-compiling /home/teja/hyperhorizon_ws/install/system_engineering/lib/python3.10/site-packages/system_engineering/command_processor.py to command_processor.cpython-310.pyc
running install_data
running install_egg_info
removing '/home/teja/hyperhorizon_ws/install/system_engineering/lib/python3.10/site-packages/system_engineering-0.0.0-py3.10.egg-info' (and everything under it)
Copying ../../build/system_engineering/system_engineering.egg-info to /home/teja/hyperhorizon_ws/install/system_engineering/lib/python3.10/site-packages/system_engineering-0.0.0-py3.10.egg-info
running install_scripts
Installing command_processor script to /home/teja/hyperhorizon_ws/install/system_engineering/lib/system_engineering
Installing command_publisher script to /home/teja/hyperhorizon_ws/install/system_engineering/lib/system_engineering
Installing system_monitor script to /home/teja/hyperhorizon_ws/install/system_engineering/lib/system_engineering
writing list of installed files to '/home/teja/hyperhorizon_ws/build/system_engineering/install.log'
