[0.165s] DEBUG:colcon:Command line arguments: ['/usr/bin/colcon', 'build']
[0.165s] DEBUG:colcon:Parsed command line arguments: Namespace(log_base=None, log_level=None, verb_name='build', build_base='build', install_base='install', merge_install=False, symlink_install=False, test_result_base=None, continue_on_error=False, executor='parallel', parallel_workers=4, event_handlers=None, ignore_user_meta=False, metas=['./colcon.meta'], base_paths=['.'], packages_ignore=None, packages_ignore_regex=None, paths=None, packages_up_to=None, packages_up_to_regex=None, packages_above=None, packages_above_and_dependencies=None, packages_above_depth=None, packages_select_by_dep=None, packages_skip_by_dep=None, packages_skip_up_to=None, packages_select_build_failed=False, packages_skip_build_finished=False, packages_select_test_failures=False, packages_skip_test_passed=False, packages_select=None, packages_skip=None, packages_select_regex=None, packages_skip_regex=None, packages_start=None, packages_end=None, allow_overriding=[], cmake_args=None, cmake_target=None, cmake_target_skip_unavailable=False, cmake_clean_cache=False, cmake_clean_first=False, cmake_force_configure=False, ament_cmake_args=None, catkin_cmake_args=None, catkin_skip_building_tests=False, mixin_files=None, mixin=None, verb_parser=<colcon_mixin.mixin.mixin_argument.MixinArgumentDecorator object at 0x7f59ef3a5e10>, verb_extension=<colcon_core.verb.build.BuildVerb object at 0x7f59ef6973d0>, main=<bound method BuildVerb.main of <colcon_core.verb.build.BuildVerb object at 0x7f59ef6973d0>>, mixin_verb=('build',))
[0.436s] Level 1:colcon.colcon_core.package_discovery:discover_packages(colcon_meta) check parameters
[0.436s] Level 1:colcon.colcon_core.package_discovery:discover_packages(recursive) check parameters
[0.436s] Level 1:colcon.colcon_core.package_discovery:discover_packages(ignore) check parameters
[0.436s] Level 1:colcon.colcon_core.package_discovery:discover_packages(path) check parameters
[0.436s] Level 1:colcon.colcon_core.package_discovery:discover_packages(colcon_meta) discover
[0.436s] Level 1:colcon.colcon_core.package_discovery:discover_packages(recursive) discover
[0.436s] INFO:colcon.colcon_core.package_discovery:Crawling recursively for packages in '/home/teja/hyperhorizon_ws'
[0.437s] Level 1:colcon.colcon_core.package_identification:_identify(.) by extensions ['ignore', 'ignore_ament_install']
[0.437s] Level 1:colcon.colcon_core.package_identification:_identify(.) by extension 'ignore'
[0.437s] Level 1:colcon.colcon_core.package_identification:_identify(.) by extension 'ignore_ament_install'
[0.437s] Level 1:colcon.colcon_core.package_identification:_identify(.) by extensions ['colcon_pkg']
[0.437s] Level 1:colcon.colcon_core.package_identification:_identify(.) by extension 'colcon_pkg'
[0.437s] Level 1:colcon.colcon_core.package_identification:_identify(.) by extensions ['colcon_meta']
[0.437s] Level 1:colcon.colcon_core.package_identification:_identify(.) by extension 'colcon_meta'
[0.437s] Level 1:colcon.colcon_core.package_identification:_identify(.) by extensions ['ros']
[0.437s] Level 1:colcon.colcon_core.package_identification:_identify(.) by extension 'ros'
[0.463s] Level 1:colcon.colcon_core.package_identification:_identify(.) by extensions ['cmake', 'python']
[0.464s] Level 1:colcon.colcon_core.package_identification:_identify(.) by extension 'cmake'
[0.464s] Level 1:colcon.colcon_core.package_identification:_identify(.) by extension 'python'
[0.464s] Level 1:colcon.colcon_core.package_identification:_identify(.) by extensions ['python_setup_py']
[0.464s] Level 1:colcon.colcon_core.package_identification:_identify(.) by extension 'python_setup_py'
[0.464s] Level 1:colcon.colcon_core.package_identification:_identify(build) by extensions ['ignore', 'ignore_ament_install']
[0.464s] Level 1:colcon.colcon_core.package_identification:_identify(build) by extension 'ignore'
[0.464s] Level 1:colcon.colcon_core.package_identification:_identify(build) ignored
[0.464s] Level 1:colcon.colcon_core.package_identification:_identify(install) by extensions ['ignore', 'ignore_ament_install']
[0.464s] Level 1:colcon.colcon_core.package_identification:_identify(install) by extension 'ignore'
[0.465s] Level 1:colcon.colcon_core.package_identification:_identify(install) ignored
[0.465s] Level 1:colcon.colcon_core.package_identification:_identify(log) by extensions ['ignore', 'ignore_ament_install']
[0.465s] Level 1:colcon.colcon_core.package_identification:_identify(log) by extension 'ignore'
[0.465s] Level 1:colcon.colcon_core.package_identification:_identify(log) ignored
[0.465s] Level 1:colcon.colcon_core.package_identification:_identify(src) by extensions ['ignore', 'ignore_ament_install']
[0.465s] Level 1:colcon.colcon_core.package_identification:_identify(src) by extension 'ignore'
[0.465s] Level 1:colcon.colcon_core.package_identification:_identify(src) by extension 'ignore_ament_install'
[0.465s] Level 1:colcon.colcon_core.package_identification:_identify(src) by extensions ['colcon_pkg']
[0.465s] Level 1:colcon.colcon_core.package_identification:_identify(src) by extension 'colcon_pkg'
[0.465s] Level 1:colcon.colcon_core.package_identification:_identify(src) by extensions ['colcon_meta']
[0.465s] Level 1:colcon.colcon_core.package_identification:_identify(src) by extension 'colcon_meta'
[0.465s] Level 1:colcon.colcon_core.package_identification:_identify(src) by extensions ['ros']
[0.465s] Level 1:colcon.colcon_core.package_identification:_identify(src) by extension 'ros'
[0.466s] Level 1:colcon.colcon_core.package_identification:_identify(src) by extensions ['cmake', 'python']
[0.466s] Level 1:colcon.colcon_core.package_identification:_identify(src) by extension 'cmake'
[0.466s] Level 1:colcon.colcon_core.package_identification:_identify(src) by extension 'python'
[0.466s] Level 1:colcon.colcon_core.package_identification:_identify(src) by extensions ['python_setup_py']
[0.466s] Level 1:colcon.colcon_core.package_identification:_identify(src) by extension 'python_setup_py'
[0.466s] Level 1:colcon.colcon_core.package_identification:_identify(src/system_engineering) by extensions ['ignore', 'ignore_ament_install']
[0.466s] Level 1:colcon.colcon_core.package_identification:_identify(src/system_engineering) by extension 'ignore'
[0.466s] Level 1:colcon.colcon_core.package_identification:_identify(src/system_engineering) by extension 'ignore_ament_install'
[0.466s] Level 1:colcon.colcon_core.package_identification:_identify(src/system_engineering) by extensions ['colcon_pkg']
[0.466s] Level 1:colcon.colcon_core.package_identification:_identify(src/system_engineering) by extension 'colcon_pkg'
[0.466s] Level 1:colcon.colcon_core.package_identification:_identify(src/system_engineering) by extensions ['colcon_meta']
[0.466s] Level 1:colcon.colcon_core.package_identification:_identify(src/system_engineering) by extension 'colcon_meta'
[0.466s] Level 1:colcon.colcon_core.package_identification:_identify(src/system_engineering) by extensions ['ros']
[0.466s] Level 1:colcon.colcon_core.package_identification:_identify(src/system_engineering) by extension 'ros'
[0.486s] DEBUG:colcon.colcon_core.package_identification:Package 'src/system_engineering' with type 'ros.ament_python' and name 'system_engineering'
[0.486s] Level 1:colcon.colcon_core.package_discovery:discover_packages(recursive) using defaults
[0.486s] Level 1:colcon.colcon_core.package_discovery:discover_packages(ignore) discover
[0.486s] Level 1:colcon.colcon_core.package_discovery:discover_packages(ignore) using defaults
[0.486s] Level 1:colcon.colcon_core.package_discovery:discover_packages(path) discover
[0.486s] Level 1:colcon.colcon_core.package_discovery:discover_packages(path) using defaults
[0.510s] Level 1:colcon.colcon_core.package_discovery:discover_packages(prefix_path) check parameters
[0.510s] Level 1:colcon.colcon_core.package_discovery:discover_packages(prefix_path) discover
[0.511s] Level 1:colcon.colcon_core.package_discovery:discover_packages(prefix_path) using defaults
[0.512s] Level 5:colcon.colcon_core.verb:set package 'system_engineering' build argument 'cmake_args' from command line to 'None'
[0.512s] Level 5:colcon.colcon_core.verb:set package 'system_engineering' build argument 'cmake_target' from command line to 'None'
[0.513s] Level 5:colcon.colcon_core.verb:set package 'system_engineering' build argument 'cmake_target_skip_unavailable' from command line to 'False'
[0.513s] Level 5:colcon.colcon_core.verb:set package 'system_engineering' build argument 'cmake_clean_cache' from command line to 'False'
[0.513s] Level 5:colcon.colcon_core.verb:set package 'system_engineering' build argument 'cmake_clean_first' from command line to 'False'
[0.513s] Level 5:colcon.colcon_core.verb:set package 'system_engineering' build argument 'cmake_force_configure' from command line to 'False'
[0.513s] Level 5:colcon.colcon_core.verb:set package 'system_engineering' build argument 'ament_cmake_args' from command line to 'None'
[0.513s] Level 5:colcon.colcon_core.verb:set package 'system_engineering' build argument 'catkin_cmake_args' from command line to 'None'
[0.513s] Level 5:colcon.colcon_core.verb:set package 'system_engineering' build argument 'catkin_skip_building_tests' from command line to 'False'
[0.513s] DEBUG:colcon.colcon_core.verb:Building package 'system_engineering' with the following arguments: {'ament_cmake_args': None, 'build_base': '/home/teja/hyperhorizon_ws/build/system_engineering', 'catkin_cmake_args': None, 'catkin_skip_building_tests': False, 'cmake_args': None, 'cmake_clean_cache': False, 'cmake_clean_first': False, 'cmake_force_configure': False, 'cmake_target': None, 'cmake_target_skip_unavailable': False, 'install_base': '/home/teja/hyperhorizon_ws/install/system_engineering', 'merge_install': False, 'path': '/home/teja/hyperhorizon_ws/src/system_engineering', 'symlink_install': False, 'test_result_base': None}
[0.513s] INFO:colcon.colcon_core.executor:Executing jobs using 'parallel' executor
[0.514s] DEBUG:colcon.colcon_parallel_executor.executor.parallel:run_until_complete
[0.515s] INFO:colcon.colcon_ros.task.ament_python.build:Building ROS package in '/home/teja/hyperhorizon_ws/src/system_engineering' with build type 'ament_python'
[0.515s] Level 1:colcon.colcon_core.shell:create_environment_hook('system_engineering', 'ament_prefix_path')
[0.517s] INFO:colcon.colcon_core.plugin_system:Skipping extension 'colcon_core.shell.bat': Not used on non-Windows systems
[0.518s] INFO:colcon.colcon_core.shell:Creating environment hook '/home/teja/hyperhorizon_ws/install/system_engineering/share/system_engineering/hook/ament_prefix_path.ps1'
[0.526s] INFO:colcon.colcon_core.shell:Creating environment descriptor '/home/teja/hyperhorizon_ws/install/system_engineering/share/system_engineering/hook/ament_prefix_path.dsv'
[0.531s] INFO:colcon.colcon_core.shell:Creating environment hook '/home/teja/hyperhorizon_ws/install/system_engineering/share/system_engineering/hook/ament_prefix_path.sh'
[0.534s] INFO:colcon.colcon_core.shell:Skip shell extension 'powershell' for command environment: Not usable outside of PowerShell
[0.534s] DEBUG:colcon.colcon_core.shell:Skip shell extension 'dsv' for command environment
[1.103s] INFO:colcon.colcon_core.task.python.build:Building Python package in '/home/teja/hyperhorizon_ws/src/system_engineering'
[1.103s] INFO:colcon.colcon_core.shell:Skip shell extension 'powershell' for command environment: Not usable outside of PowerShell
[1.103s] DEBUG:colcon.colcon_core.shell:Skip shell extension 'dsv' for command environment
[2.494s] DEBUG:colcon.colcon_core.event_handler.log_command:Invoking command in '/home/teja/hyperhorizon_ws/src/system_engineering': PYTHONPATH=/home/teja/hyperhorizon_ws/build/system_engineering/prefix_override:/usr/lib/python3/dist-packages/colcon_core/task/python/colcon_distutils_commands:/home/teja/hyperhorizon_ws/install/system_engineering/lib/python3.10/site-packages: /usr/bin/python3 -W ignore:setup.py install is deprecated -W ignore:easy_install command is deprecated setup.py egg_info --egg-base ../../build/system_engineering build --build-base /home/teja/hyperhorizon_ws/build/system_engineering/build install --record /home/teja/hyperhorizon_ws/build/system_engineering/install.log --single-version-externally-managed install_data
[3.213s] DEBUG:colcon.colcon_core.event_handler.log_command:Invoked command in '/home/teja/hyperhorizon_ws/src/system_engineering' returned '0': PYTHONPATH=/home/teja/hyperhorizon_ws/build/system_engineering/prefix_override:/usr/lib/python3/dist-packages/colcon_core/task/python/colcon_distutils_commands:/home/teja/hyperhorizon_ws/install/system_engineering/lib/python3.10/site-packages: /usr/bin/python3 -W ignore:setup.py install is deprecated -W ignore:easy_install command is deprecated setup.py egg_info --egg-base ../../build/system_engineering build --build-base /home/teja/hyperhorizon_ws/build/system_engineering/build install --record /home/teja/hyperhorizon_ws/build/system_engineering/install.log --single-version-externally-managed install_data
[3.313s] Level 1:colcon.colcon_core.environment:checking '/home/teja/hyperhorizon_ws/install/system_engineering' for CMake module files
[3.315s] Level 1:colcon.colcon_core.environment:checking '/home/teja/hyperhorizon_ws/install/system_engineering' for CMake config files
[3.318s] Level 1:colcon.colcon_core.environment:checking '/home/teja/hyperhorizon_ws/install/system_engineering/lib'
[3.319s] Level 1:colcon.colcon_core.environment:checking '/home/teja/hyperhorizon_ws/install/system_engineering/bin'
[3.319s] Level 1:colcon.colcon_core.environment:checking '/home/teja/hyperhorizon_ws/install/system_engineering/lib/pkgconfig/system_engineering.pc'
[3.321s] Level 1:colcon.colcon_core.environment:checking '/home/teja/hyperhorizon_ws/install/system_engineering/lib/python3.10/site-packages'
[3.321s] Level 1:colcon.colcon_core.shell:create_environment_hook('system_engineering', 'pythonpath')
[3.323s] INFO:colcon.colcon_core.shell:Creating environment hook '/home/teja/hyperhorizon_ws/install/system_engineering/share/system_engineering/hook/pythonpath.ps1'
[3.324s] INFO:colcon.colcon_core.shell:Creating environment descriptor '/home/teja/hyperhorizon_ws/install/system_engineering/share/system_engineering/hook/pythonpath.dsv'
[3.327s] INFO:colcon.colcon_core.shell:Creating environment hook '/home/teja/hyperhorizon_ws/install/system_engineering/share/system_engineering/hook/pythonpath.sh'
[3.329s] Level 1:colcon.colcon_core.environment:checking '/home/teja/hyperhorizon_ws/install/system_engineering/bin'
[3.330s] Level 1:colcon.colcon_core.environment:create_environment_scripts_only(system_engineering)
[3.331s] INFO:colcon.colcon_core.shell:Creating package script '/home/teja/hyperhorizon_ws/install/system_engineering/share/system_engineering/package.ps1'
[3.347s] INFO:colcon.colcon_core.shell:Creating package descriptor '/home/teja/hyperhorizon_ws/install/system_engineering/share/system_engineering/package.dsv'
[3.374s] INFO:colcon.colcon_core.shell:Creating package script '/home/teja/hyperhorizon_ws/install/system_engineering/share/system_engineering/package.sh'
[3.377s] INFO:colcon.colcon_core.shell:Creating package script '/home/teja/hyperhorizon_ws/install/system_engineering/share/system_engineering/package.bash'
[3.390s] INFO:colcon.colcon_core.shell:Creating package script '/home/teja/hyperhorizon_ws/install/system_engineering/share/system_engineering/package.zsh'
[3.406s] Level 1:colcon.colcon_core.environment:create_file_with_runtime_dependencies(/home/teja/hyperhorizon_ws/install/system_engineering/share/colcon-core/packages/system_engineering)
[3.408s] DEBUG:colcon.colcon_parallel_executor.executor.parallel:closing loop
[3.409s] DEBUG:colcon.colcon_parallel_executor.executor.parallel:loop closed
[3.410s] DEBUG:colcon.colcon_parallel_executor.executor.parallel:run_until_complete finished with '0'
[3.410s] DEBUG:colcon.colcon_core.event_reactor:joining thread
[3.434s] INFO:colcon.colcon_core.plugin_system:Skipping extension 'colcon_notification.desktop_notification.terminal_notifier': Not used on non-Darwin systems
[3.434s] INFO:colcon.colcon_core.plugin_system:Skipping extension 'colcon_notification.desktop_notification.win32': Not used on non-Windows systems
[3.435s] INFO:colcon.colcon_notification.desktop_notification:Sending desktop notification using 'notify2'
[3.472s] DEBUG:colcon.colcon_core.event_reactor:joined thread
[3.473s] INFO:colcon.colcon_core.shell:Creating prefix script '/home/teja/hyperhorizon_ws/install/local_setup.ps1'
[3.476s] INFO:colcon.colcon_core.shell:Creating prefix util module '/home/teja/hyperhorizon_ws/install/_local_setup_util_ps1.py'
[3.480s] INFO:colcon.colcon_core.shell:Creating prefix chain script '/home/teja/hyperhorizon_ws/install/setup.ps1'
[3.484s] INFO:colcon.colcon_core.shell:Creating prefix script '/home/teja/hyperhorizon_ws/install/local_setup.sh'
[3.485s] INFO:colcon.colcon_core.shell:Creating prefix util module '/home/teja/hyperhorizon_ws/install/_local_setup_util_sh.py'
[3.487s] INFO:colcon.colcon_core.shell:Creating prefix chain script '/home/teja/hyperhorizon_ws/install/setup.sh'
[3.490s] INFO:colcon.colcon_core.shell:Creating prefix script '/home/teja/hyperhorizon_ws/install/local_setup.bash'
[3.492s] INFO:colcon.colcon_core.shell:Creating prefix chain script '/home/teja/hyperhorizon_ws/install/setup.bash'
[3.494s] INFO:colcon.colcon_core.shell:Creating prefix script '/home/teja/hyperhorizon_ws/install/local_setup.zsh'
[3.496s] INFO:colcon.colcon_core.shell:Creating prefix chain script '/home/teja/hyperhorizon_ws/install/setup.zsh'
