[1.167s] DEBUG:colcon:Command line arguments: ['/usr/bin/colcon', 'build', '--symlink-install']
[1.167s] DEBUG:colcon:Parsed command line arguments: Namespace(log_base=None, log_level=None, verb_name='build', build_base='build', install_base='install', merge_install=False, symlink_install=True, test_result_base=None, continue_on_error=False, executor='parallel', parallel_workers=4, event_handlers=None, ignore_user_meta=False, metas=['./colcon.meta'], base_paths=['.'], packages_ignore=None, packages_ignore_regex=None, paths=None, packages_up_to=None, packages_up_to_regex=None, packages_above=None, packages_above_and_dependencies=None, packages_above_depth=None, packages_select_by_dep=None, packages_skip_by_dep=None, packages_skip_up_to=None, packages_select_build_failed=False, packages_skip_build_finished=False, packages_select_test_failures=False, packages_skip_test_passed=False, packages_select=None, packages_skip=None, packages_select_regex=None, packages_skip_regex=None, packages_start=None, packages_end=None, allow_overriding=[], cmake_args=None, cmake_target=None, cmake_target_skip_unavailable=False, cmake_clean_cache=False, cmake_clean_first=False, cmake_force_configure=False, ament_cmake_args=None, catkin_cmake_args=None, catkin_skip_building_tests=False, mixin_files=None, mixin=None, verb_parser=<colcon_mixin.mixin.mixin_argument.MixinArgumentDecorator object at 0x7b381c65e8c0>, verb_extension=<colcon_core.verb.build.BuildVerb object at 0x7b381c773f10>, main=<bound method BuildVerb.main of <colcon_core.verb.build.BuildVerb object at 0x7b381c773f10>>, mixin_verb=('build',))
[8.038s] Level 1:colcon.colcon_core.package_discovery:discover_packages(colcon_meta) check parameters
[8.038s] Level 1:colcon.colcon_core.package_discovery:discover_packages(recursive) check parameters
[8.039s] Level 1:colcon.colcon_core.package_discovery:discover_packages(ignore) check parameters
[8.039s] Level 1:colcon.colcon_core.package_discovery:discover_packages(path) check parameters
[8.039s] Level 1:colcon.colcon_core.package_discovery:discover_packages(colcon_meta) discover
[8.039s] Level 1:colcon.colcon_core.package_discovery:discover_packages(recursive) discover
[8.039s] INFO:colcon.colcon_core.package_discovery:Crawling recursively for packages in '/home/teja/hyperhorizon_ws'
[8.040s] Level 1:colcon.colcon_core.package_identification:_identify(.) by extensions ['ignore', 'ignore_ament_install']
[8.040s] Level 1:colcon.colcon_core.package_identification:_identify(.) by extension 'ignore'
[8.041s] Level 1:colcon.colcon_core.package_identification:_identify(.) by extension 'ignore_ament_install'
[8.041s] Level 1:colcon.colcon_core.package_identification:_identify(.) by extensions ['colcon_pkg']
[8.041s] Level 1:colcon.colcon_core.package_identification:_identify(.) by extension 'colcon_pkg'
[8.041s] Level 1:colcon.colcon_core.package_identification:_identify(.) by extensions ['colcon_meta']
[8.042s] Level 1:colcon.colcon_core.package_identification:_identify(.) by extension 'colcon_meta'
[8.042s] Level 1:colcon.colcon_core.package_identification:_identify(.) by extensions ['ros']
[8.042s] Level 1:colcon.colcon_core.package_identification:_identify(.) by extension 'ros'
[8.117s] Level 1:colcon.colcon_core.package_identification:_identify(.) by extensions ['cmake', 'python']
[8.117s] Level 1:colcon.colcon_core.package_identification:_identify(.) by extension 'cmake'
[8.117s] Level 1:colcon.colcon_core.package_identification:_identify(.) by extension 'python'
[8.117s] Level 1:colcon.colcon_core.package_identification:_identify(.) by extensions ['python_setup_py']
[8.117s] Level 1:colcon.colcon_core.package_identification:_identify(.) by extension 'python_setup_py'
[8.118s] Level 1:colcon.colcon_core.package_identification:_identify(build) by extensions ['ignore', 'ignore_ament_install']
[8.118s] Level 1:colcon.colcon_core.package_identification:_identify(build) by extension 'ignore'
[8.118s] Level 1:colcon.colcon_core.package_identification:_identify(build) ignored
[8.118s] Level 1:colcon.colcon_core.package_identification:_identify(install) by extensions ['ignore', 'ignore_ament_install']
[8.118s] Level 1:colcon.colcon_core.package_identification:_identify(install) by extension 'ignore'
[8.118s] Level 1:colcon.colcon_core.package_identification:_identify(install) ignored
[8.118s] Level 1:colcon.colcon_core.package_identification:_identify(log) by extensions ['ignore', 'ignore_ament_install']
[8.118s] Level 1:colcon.colcon_core.package_identification:_identify(log) by extension 'ignore'
[8.118s] Level 1:colcon.colcon_core.package_identification:_identify(log) ignored
[8.119s] Level 1:colcon.colcon_core.package_identification:_identify(src) by extensions ['ignore', 'ignore_ament_install']
[8.119s] Level 1:colcon.colcon_core.package_identification:_identify(src) by extension 'ignore'
[8.119s] Level 1:colcon.colcon_core.package_identification:_identify(src) by extension 'ignore_ament_install'
[8.119s] Level 1:colcon.colcon_core.package_identification:_identify(src) by extensions ['colcon_pkg']
[8.119s] Level 1:colcon.colcon_core.package_identification:_identify(src) by extension 'colcon_pkg'
[8.119s] Level 1:colcon.colcon_core.package_identification:_identify(src) by extensions ['colcon_meta']
[8.119s] Level 1:colcon.colcon_core.package_identification:_identify(src) by extension 'colcon_meta'
[8.119s] Level 1:colcon.colcon_core.package_identification:_identify(src) by extensions ['ros']
[8.119s] Level 1:colcon.colcon_core.package_identification:_identify(src) by extension 'ros'
[8.119s] Level 1:colcon.colcon_core.package_identification:_identify(src) by extensions ['cmake', 'python']
[8.119s] Level 1:colcon.colcon_core.package_identification:_identify(src) by extension 'cmake'
[8.119s] Level 1:colcon.colcon_core.package_identification:_identify(src) by extension 'python'
[8.119s] Level 1:colcon.colcon_core.package_identification:_identify(src) by extensions ['python_setup_py']
[8.119s] Level 1:colcon.colcon_core.package_identification:_identify(src) by extension 'python_setup_py'
[8.119s] Level 1:colcon.colcon_core.package_discovery:discover_packages(recursive) using defaults
[8.120s] Level 1:colcon.colcon_core.package_discovery:discover_packages(ignore) discover
[8.120s] Level 1:colcon.colcon_core.package_discovery:discover_packages(ignore) using defaults
[8.120s] Level 1:colcon.colcon_core.package_discovery:discover_packages(path) discover
[8.120s] Level 1:colcon.colcon_core.package_discovery:discover_packages(path) using defaults
[8.505s] Level 1:colcon.colcon_core.package_discovery:discover_packages(prefix_path) check parameters
[8.505s] Level 1:colcon.colcon_core.package_discovery:discover_packages(prefix_path) discover
[8.565s] DEBUG:colcon.colcon_installed_package_information.package_discovery:Found 329 installed packages in /opt/ros/humble
[8.567s] Level 1:colcon.colcon_core.package_discovery:discover_packages(prefix_path) using defaults
[8.697s] INFO:colcon.colcon_core.executor:Executing jobs using 'parallel' executor
[8.700s] DEBUG:colcon.colcon_parallel_executor.executor.parallel:run_until_complete
[8.700s] DEBUG:colcon.colcon_parallel_executor.executor.parallel:closing loop
[8.714s] DEBUG:colcon.colcon_parallel_executor.executor.parallel:loop closed
[8.714s] DEBUG:colcon.colcon_parallel_executor.executor.parallel:run_until_complete finished with '0'
[8.715s] DEBUG:colcon.colcon_core.event_reactor:joining thread
[8.773s] INFO:colcon.colcon_core.plugin_system:Skipping extension 'colcon_notification.desktop_notification.terminal_notifier': Not used on non-Darwin systems
[8.773s] INFO:colcon.colcon_core.plugin_system:Skipping extension 'colcon_notification.desktop_notification.win32': Not used on non-Windows systems
[8.773s] INFO:colcon.colcon_notification.desktop_notification:Sending desktop notification using 'notify2'
[8.804s] DEBUG:colcon.colcon_core.event_reactor:joined thread
[8.909s] INFO:colcon.colcon_core.plugin_system:Skipping extension 'colcon_core.shell.bat': Not used on non-Windows systems
[8.910s] INFO:colcon.colcon_core.shell:Creating prefix script '/home/teja/hyperhorizon_ws/install/local_setup.ps1'
[8.929s] INFO:colcon.colcon_core.shell:Creating prefix util module '/home/teja/hyperhorizon_ws/install/_local_setup_util_ps1.py'
[8.952s] INFO:colcon.colcon_core.shell:Creating prefix chain script '/home/teja/hyperhorizon_ws/install/setup.ps1'
[8.956s] INFO:colcon.colcon_core.shell:Creating prefix script '/home/teja/hyperhorizon_ws/install/local_setup.sh'
[8.966s] INFO:colcon.colcon_core.shell:Creating prefix util module '/home/teja/hyperhorizon_ws/install/_local_setup_util_sh.py'
[8.968s] INFO:colcon.colcon_core.shell:Creating prefix chain script '/home/teja/hyperhorizon_ws/install/setup.sh'
[8.971s] INFO:colcon.colcon_core.shell:Creating prefix script '/home/teja/hyperhorizon_ws/install/local_setup.bash'
[8.981s] INFO:colcon.colcon_core.shell:Creating prefix chain script '/home/teja/hyperhorizon_ws/install/setup.bash'
[8.984s] INFO:colcon.colcon_core.shell:Creating prefix script '/home/teja/hyperhorizon_ws/install/local_setup.zsh'
[8.994s] INFO:colcon.colcon_core.shell:Creating prefix chain script '/home/teja/hyperhorizon_ws/install/setup.zsh'
