/home/teja/hyperhorizon_ws/install/system_engineering/lib/python3.10/site-packages/system_engineering/command_publisher.py
/home/teja/hyperhorizon_ws/install/system_engineering/lib/python3.10/site-packages/system_engineering/__init__.py
/home/teja/hyperhorizon_ws/install/system_engineering/lib/python3.10/site-packages/system_engineering/system_monitor.py
/home/teja/hyperhorizon_ws/install/system_engineering/lib/python3.10/site-packages/system_engineering/command_processor.py
/home/teja/hyperhorizon_ws/install/system_engineering/lib/python3.10/site-packages/system_engineering/__pycache__/command_publisher.cpython-310.pyc
/home/teja/hyperhorizon_ws/install/system_engineering/lib/python3.10/site-packages/system_engineering/__pycache__/__init__.cpython-310.pyc
/home/teja/hyperhorizon_ws/install/system_engineering/lib/python3.10/site-packages/system_engineering/__pycache__/system_monitor.cpython-310.pyc
/home/teja/hyperhorizon_ws/install/system_engineering/lib/python3.10/site-packages/system_engineering/__pycache__/command_processor.cpython-310.pyc
/home/teja/hyperhorizon_ws/install/system_engineering/share/ament_index/resource_index/packages/system_engineering
/home/teja/hyperhorizon_ws/install/system_engineering/share/system_engineering/package.xml
/home/teja/hyperhorizon_ws/install/system_engineering/lib/python3.10/site-packages/system_engineering-0.0.0-py3.10.egg-info/top_level.txt
/home/teja/hyperhorizon_ws/install/system_engineering/lib/python3.10/site-packages/system_engineering-0.0.0-py3.10.egg-info/entry_points.txt
/home/teja/hyperhorizon_ws/install/system_engineering/lib/python3.10/site-packages/system_engineering-0.0.0-py3.10.egg-info/PKG-INFO
/home/teja/hyperhorizon_ws/install/system_engineering/lib/python3.10/site-packages/system_engineering-0.0.0-py3.10.egg-info/zip-safe
/home/teja/hyperhorizon_ws/install/system_engineering/lib/python3.10/site-packages/system_engineering-0.0.0-py3.10.egg-info/dependency_links.txt
/home/teja/hyperhorizon_ws/install/system_engineering/lib/python3.10/site-packages/system_engineering-0.0.0-py3.10.egg-info/SOURCES.txt
/home/teja/hyperhorizon_ws/install/system_engineering/lib/python3.10/site-packages/system_engineering-0.0.0-py3.10.egg-info/requires.txt
/home/teja/hyperhorizon_ws/install/system_engineering/lib/system_engineering/command_processor
/home/teja/hyperhorizon_ws/install/system_engineering/lib/system_engineering/command_publisher
/home/teja/hyperhorizon_ws/install/system_engineering/lib/system_engineering/system_monitor
